<?xml version="1.0" encoding="UTF-8"?>
<testng-results ignored="0" total="10" passed="10" failed="0" skipped="0">
  <reporter-output>
  </reporter-output>
  <suite started-at="2022-01-18T02:02:57 IST" name="Suite" finished-at="2022-01-18T02:08:04 IST" duration-ms="306730">
    <groups>
      <group name="cucumber">
        <method signature="AbstractTestNGCucumberTests.runScenario(io.cucumber.testng.PickleWrapper, io.cucumber.testng.FeatureWrapper)[pri:0, instance:com.mindtree.runner.BDDTestRunner@2892dae4]" name="runScenario" class="io.cucumber.testng.AbstractTestNGCucumberTests"/>
      </group> <!-- cucumber -->
    </groups>
    <test started-at="2022-01-18T02:02:57 IST" name="Test" finished-at="2022-01-18T02:08:04 IST" duration-ms="306730">
      <class name="com.mindtree.runner.BDDTestRunner">
        <test-method is-config="true" signature="setUpClass(org.testng.ITestContext)[pri:0, instance:com.mindtree.runner.BDDTestRunner@2892dae4]" started-at="2022-01-18T02:02:57 IST" name="setUpClass" finished-at="2022-01-18T02:02:58 IST" duration-ms="565" status="PASS">
          <params>
            <param index="0">
              <value>
                <![CDATA[org.testng.TestRunner@703e8050]]>
              </value>
            </param>
          </params>
          <reporter-output>
          </reporter-output>
        </test-method> <!-- setUpClass -->
        <test-method signature="runScenario(io.cucumber.testng.PickleWrapper, io.cucumber.testng.FeatureWrapper)[pri:0, instance:com.mindtree.runner.BDDTestRunner@2892dae4]" started-at="2022-01-18T02:02:58 IST" name="runScenario" description="Runs Cucumber Scenarios" data-provider="scenarios" finished-at="2022-01-18T02:03:49 IST" duration-ms="51205" status="PASS">
          <params>
            <param index="0">
              <value>
                <![CDATA["corporate car rental page"]]>
              </value>
            </param>
            <param index="1">
              <value>
                <![CDATA["Optional[Corporate car rental]"]]>
              </value>
            </param>
          </params>
          <reporter-output>
          </reporter-output>
        </test-method> <!-- runScenario -->
        <test-method signature="runScenario(io.cucumber.testng.PickleWrapper, io.cucumber.testng.FeatureWrapper)[pri:0, instance:com.mindtree.runner.BDDTestRunner@2892dae4]" started-at="2022-01-18T02:03:49 IST" name="runScenario" description="Runs Cucumber Scenarios" data-provider="scenarios" finished-at="2022-01-18T02:04:31 IST" duration-ms="42109" status="PASS">
          <params>
            <param index="0">
              <value>
                <![CDATA["selecting chen-trl in in onewaycab"]]>
              </value>
            </param>
            <param index="1">
              <value>
                <![CDATA["Optional[Oneway cab page]"]]>
              </value>
            </param>
          </params>
          <reporter-output>
          </reporter-output>
        </test-method> <!-- runScenario -->
        <test-method signature="runScenario(io.cucumber.testng.PickleWrapper, io.cucumber.testng.FeatureWrapper)[pri:0, instance:com.mindtree.runner.BDDTestRunner@2892dae4]" started-at="2022-01-18T02:04:31 IST" name="runScenario" description="Runs Cucumber Scenarios" data-provider="scenarios" finished-at="2022-01-18T02:04:52 IST" duration-ms="20612" status="PASS">
          <params>
            <param index="0">
              <value>
                <![CDATA["Validating With valid Email And Password"]]>
              </value>
            </param>
            <param index="1">
              <value>
                <![CDATA["Optional[Log in Validation]"]]>
              </value>
            </param>
          </params>
          <reporter-output>
          </reporter-output>
        </test-method> <!-- runScenario -->
        <test-method signature="runScenario(io.cucumber.testng.PickleWrapper, io.cucumber.testng.FeatureWrapper)[pri:0, instance:com.mindtree.runner.BDDTestRunner@2892dae4]" started-at="2022-01-18T02:04:52 IST" name="runScenario" description="Runs Cucumber Scenarios" data-provider="scenarios" finished-at="2022-01-18T02:05:35 IST" duration-ms="43885" status="PASS">
          <params>
            <param index="0">
              <value>
                <![CDATA["signout application"]]>
              </value>
            </param>
            <param index="1">
              <value>
                <![CDATA["Optional[signout app]"]]>
              </value>
            </param>
          </params>
          <reporter-output>
          </reporter-output>
        </test-method> <!-- runScenario -->
        <test-method signature="runScenario(io.cucumber.testng.PickleWrapper, io.cucumber.testng.FeatureWrapper)[pri:0, instance:com.mindtree.runner.BDDTestRunner@2892dae4]" started-at="2022-01-18T02:05:35 IST" name="runScenario" description="Runs Cucumber Scenarios" data-provider="scenarios" finished-at="2022-01-18T02:06:13 IST" duration-ms="37155" status="PASS">
          <params>
            <param index="0">
              <value>
                <![CDATA["selecting car in airport"]]>
              </value>
            </param>
            <param index="1">
              <value>
                <![CDATA["Optional[airport book]"]]>
              </value>
            </param>
          </params>
          <reporter-output>
          </reporter-output>
        </test-method> <!-- runScenario -->
        <test-method signature="runScenario(io.cucumber.testng.PickleWrapper, io.cucumber.testng.FeatureWrapper)[pri:0, instance:com.mindtree.runner.BDDTestRunner@2892dae4]" started-at="2022-01-18T02:06:13 IST" name="runScenario" description="Runs Cucumber Scenarios" data-provider="scenarios" finished-at="2022-01-18T02:06:34 IST" duration-ms="21892" status="PASS">
          <params>
            <param index="0">
              <value>
                <![CDATA["verify download app"]]>
              </value>
            </param>
            <param index="1">
              <value>
                <![CDATA["Optional[download app]"]]>
              </value>
            </param>
          </params>
          <reporter-output>
          </reporter-output>
        </test-method> <!-- runScenario -->
        <test-method signature="runScenario(io.cucumber.testng.PickleWrapper, io.cucumber.testng.FeatureWrapper)[pri:0, instance:com.mindtree.runner.BDDTestRunner@2892dae4]" started-at="2022-01-18T02:06:34 IST" name="runScenario" description="Runs Cucumber Scenarios" data-provider="scenarios" finished-at="2022-01-18T02:06:54 IST" duration-ms="19797" status="PASS">
          <params>
            <param index="0">
              <value>
                <![CDATA["selecting car in local"]]>
              </value>
            </param>
            <param index="1">
              <value>
                <![CDATA["Optional[local book]"]]>
              </value>
            </param>
          </params>
          <reporter-output>
          </reporter-output>
        </test-method> <!-- runScenario -->
        <test-method signature="runScenario(io.cucumber.testng.PickleWrapper, io.cucumber.testng.FeatureWrapper)[pri:0, instance:com.mindtree.runner.BDDTestRunner@2892dae4]" started-at="2022-01-18T02:06:54 IST" name="runScenario" description="Runs Cucumber Scenarios" data-provider="scenarios" finished-at="2022-01-18T02:07:19 IST" duration-ms="24925" status="PASS">
          <params>
            <param index="0">
              <value>
                <![CDATA["selecting car in outstation"]]>
              </value>
            </param>
            <param index="1">
              <value>
                <![CDATA["Optional[Outstation book]"]]>
              </value>
            </param>
          </params>
          <reporter-output>
          </reporter-output>
        </test-method> <!-- runScenario -->
        <test-method signature="runScenario(io.cucumber.testng.PickleWrapper, io.cucumber.testng.FeatureWrapper)[pri:0, instance:com.mindtree.runner.BDDTestRunner@2892dae4]" started-at="2022-01-18T02:07:19 IST" name="runScenario" description="Runs Cucumber Scenarios" data-provider="scenarios" finished-at="2022-01-18T02:07:46 IST" duration-ms="26474" status="PASS">
          <params>
            <param index="0">
              <value>
                <![CDATA["selecting car in roundtrip"]]>
              </value>
            </param>
            <param index="1">
              <value>
                <![CDATA["Optional[roundtrip book]"]]>
              </value>
            </param>
          </params>
          <reporter-output>
          </reporter-output>
        </test-method> <!-- runScenario -->
        <test-method signature="runScenario(io.cucumber.testng.PickleWrapper, io.cucumber.testng.FeatureWrapper)[pri:0, instance:com.mindtree.runner.BDDTestRunner@2892dae4]" started-at="2022-01-18T02:07:46 IST" name="runScenario" description="Runs Cucumber Scenarios" data-provider="scenarios" finished-at="2022-01-18T02:08:04 IST" duration-ms="18070" status="PASS">
          <params>
            <param index="0">
              <value>
                <![CDATA["validate the page title"]]>
              </value>
            </param>
            <param index="1">
              <value>
                <![CDATA["Optional[Validate Page]"]]>
              </value>
            </param>
          </params>
          <reporter-output>
          </reporter-output>
        </test-method> <!-- runScenario -->
        <test-method is-config="true" signature="tearDownClass()[pri:0, instance:com.mindtree.runner.BDDTestRunner@2892dae4]" started-at="2022-01-18T02:08:04 IST" name="tearDownClass" finished-at="2022-01-18T02:08:04 IST" duration-ms="3" status="PASS">
          <reporter-output>
          </reporter-output>
        </test-method> <!-- tearDownClass -->
      </class> <!-- com.mindtree.runner.BDDTestRunner -->
    </test> <!-- Test -->
  </suite> <!-- Suite -->
</testng-results>
